{"synthetic": false,
 "schemaVersion": "2025-09-10",
 "outputs": null,
 "log":
 [{"message":
   ".> ELAN=elan ELAN_HOME=/home/fae/.elan ELAN_TOOLCHAIN=leanprover/lean4:v4.27.0-rc1 LAKE=/home/fae/.elan/toolchains/leanprover--lean4---v4.27.0-rc1/bin/lake LAKE_HOME=/home/fae/.elan/toolchains/leanprover--lean4---v4.27.0-rc1 LAKE_PKG_URL_MAP={} LAKE_NO_CACHE=false LAKE_ARTIFACT_CACHE=false LAKE_CACHE_KEY= LAKE_CACHE_ARTIFACT_ENDPOINT= LAKE_CACHE_REVISION_ENDPOINT= LEAN=/home/fae/.elan/toolchains/leanprover--lean4---v4.27.0-rc1/bin/lean LEAN_SYSROOT=/home/fae/.elan/toolchains/leanprover--lean4---v4.27.0-rc1 LEAN_AR=/home/fae/.elan/toolchains/leanprover--lean4---v4.27.0-rc1/bin/llvm-ar LEAN_CC= LAKE_CACHE_DIR=/home/fae/.elan/toolchains/leanprover--lean4---v4.27.0-rc1/lake/cache LEAN_PATH=/home/fae/Desktop/Lean/M1_ENS_26/.lake/packages/batteries/.lake/build/lib/lean:/home/fae/Desktop/Lean/M1_ENS_26/.lake/packages/Qq/.lake/build/lib/lean:/home/fae/Desktop/Lean/M1_ENS_26/.lake/packages/aesop/.lake/build/lib/lean:/home/fae/Desktop/Lean/M1_ENS_26/.lake/packages/proofwidgets/.lake/build/lib/lean:/home/fae/Desktop/Lean/M1_ENS_26/.lake/packages/importGraph/.lake/build/lib/lean:/home/fae/Desktop/Lean/M1_ENS_26/.lake/packages/LeanSearchClient/.lake/build/lib/lean:/home/fae/Desktop/Lean/M1_ENS_26/.lake/packages/plausible/.lake/build/lib/lean:/home/fae/Desktop/Lean/M1_ENS_26/.lake/packages/mathlib/.lake/build/lib/lean:/home/fae/Desktop/Lean/M1_ENS_26/.lake/packages/MD4Lean/.lake/build/lib/lean:/home/fae/Desktop/Lean/M1_ENS_26/.lake/packages/BibtexQuery/.lake/build/lib/lean:/home/fae/Desktop/Lean/M1_ENS_26/.lake/packages/UnicodeBasic/.lake/build/lib/lean:/home/fae/Desktop/Lean/M1_ENS_26/.lake/packages/Cli/.lake/build/lib/lean:/home/fae/Desktop/Lean/M1_ENS_26/.lake/build/lib/lean:/home/fae/Desktop/Lean/M1_ENS_26/.lake/packages/doc-gen4/.lake/build/lib/lean:/home/fae/Desktop/Lean/M1_ENS_26/docbuild/.lake/build/lib/lean:/home/fae/.elan/toolchains/leanprover--lean4---v4.27.0-rc1/lib/lean LEAN_SRC_PATH=/home/fae/Desktop/Lean/M1_ENS_26/.lake/packages/batteries:/home/fae/Desktop/Lean/M1_ENS_26/.lake/packages/batteries:/home/fae/Desktop/Lean/M1_ENS_26/.lake/packages/Qq:/home/fae/Desktop/Lean/M1_ENS_26/.lake/packages/Qq:/home/fae/Desktop/Lean/M1_ENS_26/.lake/packages/aesop:/home/fae/Desktop/Lean/M1_ENS_26/.lake/packages/aesop:/home/fae/Desktop/Lean/M1_ENS_26/.lake/packages/proofwidgets:/home/fae/Desktop/Lean/M1_ENS_26/.lake/packages/proofwidgets:/home/fae/Desktop/Lean/M1_ENS_26/.lake/packages/proofwidgets:/home/fae/Desktop/Lean/M1_ENS_26/.lake/packages/importGraph:/home/fae/Desktop/Lean/M1_ENS_26/.lake/packages/importGraph:/home/fae/Desktop/Lean/M1_ENS_26/.lake/packages/LeanSearchClient:/home/fae/Desktop/Lean/M1_ENS_26/.lake/packages/LeanSearchClient:/home/fae/Desktop/Lean/M1_ENS_26/.lake/packages/plausible:/home/fae/Desktop/Lean/M1_ENS_26/.lake/packages/plausible:/home/fae/Desktop/Lean/M1_ENS_26/.lake/packages/mathlib:/home/fae/Desktop/Lean/M1_ENS_26/.lake/packages/mathlib:/home/fae/Desktop/Lean/M1_ENS_26/.lake/packages/mathlib:/home/fae/Desktop/Lean/M1_ENS_26/.lake/packages/mathlib:/home/fae/Desktop/Lean/M1_ENS_26/.lake/packages/mathlib:/home/fae/Desktop/Lean/M1_ENS_26/.lake/packages/mathlib:/home/fae/Desktop/Lean/M1_ENS_26/.lake/packages/mathlib:/home/fae/Desktop/Lean/M1_ENS_26/.lake/packages/MD4Lean:/home/fae/Desktop/Lean/M1_ENS_26/.lake/packages/MD4Lean:/home/fae/Desktop/Lean/M1_ENS_26/.lake/packages/BibtexQuery:/home/fae/Desktop/Lean/M1_ENS_26/.lake/packages/UnicodeBasic:/home/fae/Desktop/Lean/M1_ENS_26/.lake/packages/UnicodeBasic:/home/fae/Desktop/Lean/M1_ENS_26/.lake/packages/Cli:/home/fae/Desktop/Lean/M1_ENS_26/.lake/packages/Cli:/home/fae/Desktop/Lean/M1_ENS_26:/home/fae/Desktop/Lean/M1_ENS_26/.lake/packages/doc-gen4:/home/fae/.elan/toolchains/leanprover--lean4---v4.27.0-rc1/src/lean/lake LEAN_GITHASH=2fcce7258eeb6e324366bc25f9058293b04b7547 PATH LD_LIBRARY_PATH=/home/fae/.elan/toolchains/leanprover--lean4---v4.27.0-rc1/lib/lean:/home/fae/.elan/toolchains/leanprover--lean4---v4.27.0-rc1/lib:/home/fae/Desktop/Lean/M1_ENS_26/docbuild/.lake/build/lib:/home/fae/Desktop/Lean/M1_ENS_26/.lake/packages/doc-gen4/.lake/build/lib:/home/fae/Desktop/Lean/M1_ENS_26/.lake/build/lib:/home/fae/Desktop/Lean/M1_ENS_26/.lake/packages/Cli/.lake/build/lib:/home/fae/Desktop/Lean/M1_ENS_26/.lake/packages/UnicodeBasic/.lake/build/lib:/home/fae/Desktop/Lean/M1_ENS_26/.lake/packages/BibtexQuery/.lake/build/lib:/home/fae/Desktop/Lean/M1_ENS_26/.lake/packages/MD4Lean/.lake/build/lib:/home/fae/Desktop/Lean/M1_ENS_26/.lake/packages/mathlib/.lake/build/lib:/home/fae/Desktop/Lean/M1_ENS_26/.lake/packages/plausible/.lake/build/lib:/home/fae/Desktop/Lean/M1_ENS_26/.lake/packages/LeanSearchClient/.lake/build/lib:/home/fae/Desktop/Lean/M1_ENS_26/.lake/packages/importGraph/.lake/build/lib:/home/fae/Desktop/Lean/M1_ENS_26/.lake/packages/proofwidgets/.lake/build/lib:/home/fae/Desktop/Lean/M1_ENS_26/.lake/packages/aesop/.lake/build/lib:/home/fae/Desktop/Lean/M1_ENS_26/.lake/packages/Qq/.lake/build/lib:/home/fae/Desktop/Lean/M1_ENS_26/.lake/packages/batteries/.lake/build/lib /home/fae/Desktop/Lean/M1_ENS_26/.lake/packages/doc-gen4/.lake/build/bin/doc-gen4 single --build /home/fae/Desktop/Lean/M1_ENS_26/docbuild/.lake/build Mathlib.LinearAlgebra.LinearIndependent.Lemmas https://github.com/leanprover-community/mathlib4/blob/32d24245c7a12ded17325299fd41d412022cd3fe/Mathlib/LinearAlgebra/LinearIndependent/Lemmas.lean",
   "level": "trace"}],
 "inputs":
 [["<collection>",
   [["/home/fae/Desktop/Lean/M1_ENS_26/docbuild/.lake/build/doc/Mathlib/Data/Fin/Tuple/Reflection.html",
     "4d74bab2f379731d"],
    ["/home/fae/Desktop/Lean/M1_ENS_26/docbuild/.lake/build/doc/Mathlib/LinearAlgebra/Finsupp/SumProd.html",
     "c77382d3e3df47c4"],
    ["/home/fae/Desktop/Lean/M1_ENS_26/docbuild/.lake/build/doc/Mathlib/LinearAlgebra/LinearIndependent/Basic.html",
     "2a6272a4f693028a"],
    ["/home/fae/Desktop/Lean/M1_ENS_26/docbuild/.lake/build/doc/Mathlib/LinearAlgebra/Pi.html",
     "6b5f8426258ebf32"],
    ["/home/fae/Desktop/Lean/M1_ENS_26/docbuild/.lake/build/doc/Mathlib/Logic/Equiv/Fin/Rotate.html",
     "d30258f5c0e6f044"],
    ["/home/fae/Desktop/Lean/M1_ENS_26/docbuild/.lake/build/doc/Mathlib/Tactic/FinCases.html",
     "e3835d71a857b783"],
    ["/home/fae/Desktop/Lean/M1_ENS_26/docbuild/.lake/build/doc/Mathlib/Tactic/LinearCombination.html",
     "7d2ce8fc73168841"],
    ["/home/fae/Desktop/Lean/M1_ENS_26/docbuild/.lake/build/doc/Mathlib/Tactic/Module.html",
     "b5738158dab6ddb2"],
    ["/home/fae/Desktop/Lean/M1_ENS_26/docbuild/.lake/build/doc/Mathlib/Tactic/NoncommRing.html",
     "a85d39e136e53e80"]]],
  ["/home/fae/Desktop/Lean/M1_ENS_26/docbuild/.lake/build/doc-data/references.json",
   "a50f2257f35adb49"],
  ["/home/fae/Desktop/Lean/M1_ENS_26/.lake/packages/doc-gen4/.lake/build/bin/doc-gen4",
   "95871d66e574446e"],
  ["Mathlib.LinearAlgebra.LinearIndependent.Lemmas:leanArts",
   "dc09cfb44f45cf18"]],
 "depHash": "794b8d7b5d05b329"}