{"synthetic": false,
 "schemaVersion": "2025-09-10",
 "outputs": null,
 "log":
 [{"message":
   ".> ELAN=elan ELAN_HOME=/home/fae/.elan ELAN_TOOLCHAIN=leanprover/lean4:v4.27.0-rc1 LAKE=/home/fae/.elan/toolchains/leanprover--lean4---v4.27.0-rc1/bin/lake LAKE_HOME=/home/fae/.elan/toolchains/leanprover--lean4---v4.27.0-rc1 LAKE_PKG_URL_MAP={} LAKE_NO_CACHE=false LAKE_ARTIFACT_CACHE=false LAKE_CACHE_KEY= LAKE_CACHE_ARTIFACT_ENDPOINT= LAKE_CACHE_REVISION_ENDPOINT= LEAN=/home/fae/.elan/toolchains/leanprover--lean4---v4.27.0-rc1/bin/lean LEAN_SYSROOT=/home/fae/.elan/toolchains/leanprover--lean4---v4.27.0-rc1 LEAN_AR=/home/fae/.elan/toolchains/leanprover--lean4---v4.27.0-rc1/bin/llvm-ar LEAN_CC= LAKE_CACHE_DIR=/home/fae/.elan/toolchains/leanprover--lean4---v4.27.0-rc1/lake/cache LEAN_PATH=/home/fae/Desktop/Lean/M1_ENS_26/.lake/packages/batteries/.lake/build/lib/lean:/home/fae/Desktop/Lean/M1_ENS_26/.lake/packages/Qq/.lake/build/lib/lean:/home/fae/Desktop/Lean/M1_ENS_26/.lake/packages/aesop/.lake/build/lib/lean:/home/fae/Desktop/Lean/M1_ENS_26/.lake/packages/proofwidgets/.lake/build/lib/lean:/home/fae/Desktop/Lean/M1_ENS_26/.lake/packages/importGraph/.lake/build/lib/lean:/home/fae/Desktop/Lean/M1_ENS_26/.lake/packages/LeanSearchClient/.lake/build/lib/lean:/home/fae/Desktop/Lean/M1_ENS_26/.lake/packages/plausible/.lake/build/lib/lean:/home/fae/Desktop/Lean/M1_ENS_26/.lake/packages/mathlib/.lake/build/lib/lean:/home/fae/Desktop/Lean/M1_ENS_26/.lake/packages/MD4Lean/.lake/build/lib/lean:/home/fae/Desktop/Lean/M1_ENS_26/.lake/packages/BibtexQuery/.lake/build/lib/lean:/home/fae/Desktop/Lean/M1_ENS_26/.lake/packages/UnicodeBasic/.lake/build/lib/lean:/home/fae/Desktop/Lean/M1_ENS_26/.lake/packages/Cli/.lake/build/lib/lean:/home/fae/Desktop/Lean/M1_ENS_26/.lake/build/lib/lean:/home/fae/Desktop/Lean/M1_ENS_26/.lake/packages/doc-gen4/.lake/build/lib/lean:/home/fae/Desktop/Lean/M1_ENS_26/docbuild/.lake/build/lib/lean:/home/fae/.elan/toolchains/leanprover--lean4---v4.27.0-rc1/lib/lean LEAN_SRC_PATH=/home/fae/Desktop/Lean/M1_ENS_26/.lake/packages/batteries:/home/fae/Desktop/Lean/M1_ENS_26/.lake/packages/batteries:/home/fae/Desktop/Lean/M1_ENS_26/.lake/packages/Qq:/home/fae/Desktop/Lean/M1_ENS_26/.lake/packages/Qq:/home/fae/Desktop/Lean/M1_ENS_26/.lake/packages/aesop:/home/fae/Desktop/Lean/M1_ENS_26/.lake/packages/aesop:/home/fae/Desktop/Lean/M1_ENS_26/.lake/packages/proofwidgets:/home/fae/Desktop/Lean/M1_ENS_26/.lake/packages/proofwidgets:/home/fae/Desktop/Lean/M1_ENS_26/.lake/packages/proofwidgets:/home/fae/Desktop/Lean/M1_ENS_26/.lake/packages/importGraph:/home/fae/Desktop/Lean/M1_ENS_26/.lake/packages/importGraph:/home/fae/Desktop/Lean/M1_ENS_26/.lake/packages/LeanSearchClient:/home/fae/Desktop/Lean/M1_ENS_26/.lake/packages/LeanSearchClient:/home/fae/Desktop/Lean/M1_ENS_26/.lake/packages/plausible:/home/fae/Desktop/Lean/M1_ENS_26/.lake/packages/plausible:/home/fae/Desktop/Lean/M1_ENS_26/.lake/packages/mathlib:/home/fae/Desktop/Lean/M1_ENS_26/.lake/packages/mathlib:/home/fae/Desktop/Lean/M1_ENS_26/.lake/packages/mathlib:/home/fae/Desktop/Lean/M1_ENS_26/.lake/packages/mathlib:/home/fae/Desktop/Lean/M1_ENS_26/.lake/packages/mathlib:/home/fae/Desktop/Lean/M1_ENS_26/.lake/packages/mathlib:/home/fae/Desktop/Lean/M1_ENS_26/.lake/packages/mathlib:/home/fae/Desktop/Lean/M1_ENS_26/.lake/packages/MD4Lean:/home/fae/Desktop/Lean/M1_ENS_26/.lake/packages/MD4Lean:/home/fae/Desktop/Lean/M1_ENS_26/.lake/packages/BibtexQuery:/home/fae/Desktop/Lean/M1_ENS_26/.lake/packages/UnicodeBasic:/home/fae/Desktop/Lean/M1_ENS_26/.lake/packages/UnicodeBasic:/home/fae/Desktop/Lean/M1_ENS_26/.lake/packages/Cli:/home/fae/Desktop/Lean/M1_ENS_26/.lake/packages/Cli:/home/fae/Desktop/Lean/M1_ENS_26:/home/fae/Desktop/Lean/M1_ENS_26/.lake/packages/doc-gen4:/home/fae/.elan/toolchains/leanprover--lean4---v4.27.0-rc1/src/lean/lake LEAN_GITHASH=2fcce7258eeb6e324366bc25f9058293b04b7547 PATH LD_LIBRARY_PATH=/home/fae/.elan/toolchains/leanprover--lean4---v4.27.0-rc1/lib/lean:/home/fae/.elan/toolchains/leanprover--lean4---v4.27.0-rc1/lib:/home/fae/Desktop/Lean/M1_ENS_26/docbuild/.lake/build/lib:/home/fae/Desktop/Lean/M1_ENS_26/.lake/packages/doc-gen4/.lake/build/lib:/home/fae/Desktop/Lean/M1_ENS_26/.lake/build/lib:/home/fae/Desktop/Lean/M1_ENS_26/.lake/packages/Cli/.lake/build/lib:/home/fae/Desktop/Lean/M1_ENS_26/.lake/packages/UnicodeBasic/.lake/build/lib:/home/fae/Desktop/Lean/M1_ENS_26/.lake/packages/BibtexQuery/.lake/build/lib:/home/fae/Desktop/Lean/M1_ENS_26/.lake/packages/MD4Lean/.lake/build/lib:/home/fae/Desktop/Lean/M1_ENS_26/.lake/packages/mathlib/.lake/build/lib:/home/fae/Desktop/Lean/M1_ENS_26/.lake/packages/plausible/.lake/build/lib:/home/fae/Desktop/Lean/M1_ENS_26/.lake/packages/LeanSearchClient/.lake/build/lib:/home/fae/Desktop/Lean/M1_ENS_26/.lake/packages/importGraph/.lake/build/lib:/home/fae/Desktop/Lean/M1_ENS_26/.lake/packages/proofwidgets/.lake/build/lib:/home/fae/Desktop/Lean/M1_ENS_26/.lake/packages/aesop/.lake/build/lib:/home/fae/Desktop/Lean/M1_ENS_26/.lake/packages/Qq/.lake/build/lib:/home/fae/Desktop/Lean/M1_ENS_26/.lake/packages/batteries/.lake/build/lib /home/fae/Desktop/Lean/M1_ENS_26/.lake/packages/doc-gen4/.lake/build/bin/doc-gen4 single --build /home/fae/Desktop/Lean/M1_ENS_26/docbuild/.lake/build Mathlib.GroupTheory.GroupAction.Blocks https://github.com/leanprover-community/mathlib4/blob/32d24245c7a12ded17325299fd41d412022cd3fe/Mathlib/GroupTheory/GroupAction/Blocks.lean",
   "level": "trace"}],
 "inputs":
 [["<collection>",
   [["/home/fae/Desktop/Lean/M1_ENS_26/docbuild/.lake/build/doc/Mathlib/Algebra/Pointwise/Stabilizer.html",
     "0886d5af3e26d399"],
    ["/home/fae/Desktop/Lean/M1_ENS_26/docbuild/.lake/build/doc/Mathlib/Data/Setoid/Partition.html",
     "2b2c75ae2c9b5a7c"],
    ["/home/fae/Desktop/Lean/M1_ENS_26/docbuild/.lake/build/doc/Mathlib/GroupTheory/GroupAction/Pointwise.html",
     "2064785ff5a431e0"],
    ["/home/fae/Desktop/Lean/M1_ENS_26/docbuild/.lake/build/doc/Mathlib/GroupTheory/GroupAction/SubMulAction.html",
     "260e438ef6588052"],
    ["/home/fae/Desktop/Lean/M1_ENS_26/docbuild/.lake/build/doc/Mathlib/GroupTheory/Index.html",
     "b2aec71c3d200e57"],
    ["/home/fae/Desktop/Lean/M1_ENS_26/docbuild/.lake/build/doc/Mathlib/Tactic/IntervalCases.html",
     "163b66de9017070a"]]],
  ["/home/fae/Desktop/Lean/M1_ENS_26/docbuild/.lake/build/doc-data/references.json",
   "a50f2257f35adb49"],
  ["/home/fae/Desktop/Lean/M1_ENS_26/.lake/packages/doc-gen4/.lake/build/bin/doc-gen4",
   "95871d66e574446e"],
  ["Mathlib.GroupTheory.GroupAction.Blocks:leanArts", "b5c5dd36c85a6c03"]],
 "depHash": "59c822cca00a5e37"}