{"synthetic": false,
 "schemaVersion": "2025-09-10",
 "outputs": null,
 "log":
 [{"message":
   ".> ELAN=elan ELAN_HOME=/home/fae/.elan ELAN_TOOLCHAIN=leanprover/lean4:v4.27.0-rc1 LAKE=/home/fae/.elan/toolchains/leanprover--lean4---v4.27.0-rc1/bin/lake LAKE_HOME=/home/fae/.elan/toolchains/leanprover--lean4---v4.27.0-rc1 LAKE_PKG_URL_MAP={} LAKE_NO_CACHE=false LAKE_ARTIFACT_CACHE=false LAKE_CACHE_KEY= LAKE_CACHE_ARTIFACT_ENDPOINT= LAKE_CACHE_REVISION_ENDPOINT= LEAN=/home/fae/.elan/toolchains/leanprover--lean4---v4.27.0-rc1/bin/lean LEAN_SYSROOT=/home/fae/.elan/toolchains/leanprover--lean4---v4.27.0-rc1 LEAN_AR=/home/fae/.elan/toolchains/leanprover--lean4---v4.27.0-rc1/bin/llvm-ar LEAN_CC= LAKE_CACHE_DIR=/home/fae/.elan/toolchains/leanprover--lean4---v4.27.0-rc1/lake/cache LEAN_PATH=/home/fae/Desktop/Lean/M1_ENS_26/.lake/packages/batteries/.lake/build/lib/lean:/home/fae/Desktop/Lean/M1_ENS_26/.lake/packages/Qq/.lake/build/lib/lean:/home/fae/Desktop/Lean/M1_ENS_26/.lake/packages/aesop/.lake/build/lib/lean:/home/fae/Desktop/Lean/M1_ENS_26/.lake/packages/proofwidgets/.lake/build/lib/lean:/home/fae/Desktop/Lean/M1_ENS_26/.lake/packages/importGraph/.lake/build/lib/lean:/home/fae/Desktop/Lean/M1_ENS_26/.lake/packages/LeanSearchClient/.lake/build/lib/lean:/home/fae/Desktop/Lean/M1_ENS_26/.lake/packages/plausible/.lake/build/lib/lean:/home/fae/Desktop/Lean/M1_ENS_26/.lake/packages/mathlib/.lake/build/lib/lean:/home/fae/Desktop/Lean/M1_ENS_26/.lake/packages/MD4Lean/.lake/build/lib/lean:/home/fae/Desktop/Lean/M1_ENS_26/.lake/packages/BibtexQuery/.lake/build/lib/lean:/home/fae/Desktop/Lean/M1_ENS_26/.lake/packages/UnicodeBasic/.lake/build/lib/lean:/home/fae/Desktop/Lean/M1_ENS_26/.lake/packages/Cli/.lake/build/lib/lean:/home/fae/Desktop/Lean/M1_ENS_26/.lake/build/lib/lean:/home/fae/Desktop/Lean/M1_ENS_26/.lake/packages/doc-gen4/.lake/build/lib/lean:/home/fae/Desktop/Lean/M1_ENS_26/docbuild/.lake/build/lib/lean:/home/fae/.elan/toolchains/leanprover--lean4---v4.27.0-rc1/lib/lean LEAN_SRC_PATH=/home/fae/Desktop/Lean/M1_ENS_26/.lake/packages/batteries:/home/fae/Desktop/Lean/M1_ENS_26/.lake/packages/batteries:/home/fae/Desktop/Lean/M1_ENS_26/.lake/packages/Qq:/home/fae/Desktop/Lean/M1_ENS_26/.lake/packages/Qq:/home/fae/Desktop/Lean/M1_ENS_26/.lake/packages/aesop:/home/fae/Desktop/Lean/M1_ENS_26/.lake/packages/aesop:/home/fae/Desktop/Lean/M1_ENS_26/.lake/packages/proofwidgets:/home/fae/Desktop/Lean/M1_ENS_26/.lake/packages/proofwidgets:/home/fae/Desktop/Lean/M1_ENS_26/.lake/packages/proofwidgets:/home/fae/Desktop/Lean/M1_ENS_26/.lake/packages/importGraph:/home/fae/Desktop/Lean/M1_ENS_26/.lake/packages/importGraph:/home/fae/Desktop/Lean/M1_ENS_26/.lake/packages/LeanSearchClient:/home/fae/Desktop/Lean/M1_ENS_26/.lake/packages/LeanSearchClient:/home/fae/Desktop/Lean/M1_ENS_26/.lake/packages/plausible:/home/fae/Desktop/Lean/M1_ENS_26/.lake/packages/plausible:/home/fae/Desktop/Lean/M1_ENS_26/.lake/packages/mathlib:/home/fae/Desktop/Lean/M1_ENS_26/.lake/packages/mathlib:/home/fae/Desktop/Lean/M1_ENS_26/.lake/packages/mathlib:/home/fae/Desktop/Lean/M1_ENS_26/.lake/packages/mathlib:/home/fae/Desktop/Lean/M1_ENS_26/.lake/packages/mathlib:/home/fae/Desktop/Lean/M1_ENS_26/.lake/packages/mathlib:/home/fae/Desktop/Lean/M1_ENS_26/.lake/packages/mathlib:/home/fae/Desktop/Lean/M1_ENS_26/.lake/packages/MD4Lean:/home/fae/Desktop/Lean/M1_ENS_26/.lake/packages/MD4Lean:/home/fae/Desktop/Lean/M1_ENS_26/.lake/packages/BibtexQuery:/home/fae/Desktop/Lean/M1_ENS_26/.lake/packages/UnicodeBasic:/home/fae/Desktop/Lean/M1_ENS_26/.lake/packages/UnicodeBasic:/home/fae/Desktop/Lean/M1_ENS_26/.lake/packages/Cli:/home/fae/Desktop/Lean/M1_ENS_26/.lake/packages/Cli:/home/fae/Desktop/Lean/M1_ENS_26:/home/fae/Desktop/Lean/M1_ENS_26/.lake/packages/doc-gen4:/home/fae/.elan/toolchains/leanprover--lean4---v4.27.0-rc1/src/lean/lake LEAN_GITHASH=2fcce7258eeb6e324366bc25f9058293b04b7547 PATH LD_LIBRARY_PATH=/home/fae/.elan/toolchains/leanprover--lean4---v4.27.0-rc1/lib/lean:/home/fae/.elan/toolchains/leanprover--lean4---v4.27.0-rc1/lib:/home/fae/Desktop/Lean/M1_ENS_26/docbuild/.lake/build/lib:/home/fae/Desktop/Lean/M1_ENS_26/.lake/packages/doc-gen4/.lake/build/lib:/home/fae/Desktop/Lean/M1_ENS_26/.lake/build/lib:/home/fae/Desktop/Lean/M1_ENS_26/.lake/packages/Cli/.lake/build/lib:/home/fae/Desktop/Lean/M1_ENS_26/.lake/packages/UnicodeBasic/.lake/build/lib:/home/fae/Desktop/Lean/M1_ENS_26/.lake/packages/BibtexQuery/.lake/build/lib:/home/fae/Desktop/Lean/M1_ENS_26/.lake/packages/MD4Lean/.lake/build/lib:/home/fae/Desktop/Lean/M1_ENS_26/.lake/packages/mathlib/.lake/build/lib:/home/fae/Desktop/Lean/M1_ENS_26/.lake/packages/plausible/.lake/build/lib:/home/fae/Desktop/Lean/M1_ENS_26/.lake/packages/LeanSearchClient/.lake/build/lib:/home/fae/Desktop/Lean/M1_ENS_26/.lake/packages/importGraph/.lake/build/lib:/home/fae/Desktop/Lean/M1_ENS_26/.lake/packages/proofwidgets/.lake/build/lib:/home/fae/Desktop/Lean/M1_ENS_26/.lake/packages/aesop/.lake/build/lib:/home/fae/Desktop/Lean/M1_ENS_26/.lake/packages/Qq/.lake/build/lib:/home/fae/Desktop/Lean/M1_ENS_26/.lake/packages/batteries/.lake/build/lib /home/fae/Desktop/Lean/M1_ENS_26/.lake/packages/doc-gen4/.lake/build/bin/doc-gen4 single --build /home/fae/Desktop/Lean/M1_ENS_26/docbuild/.lake/build Mathlib.NumberTheory.EllipticDivisibilitySequence https://github.com/leanprover-community/mathlib4/blob/32d24245c7a12ded17325299fd41d412022cd3fe/Mathlib/NumberTheory/EllipticDivisibilitySequence.lean",
   "level": "trace"}],
 "inputs":
 [["<collection>",
   [["/home/fae/Desktop/Lean/M1_ENS_26/docbuild/.lake/build/doc/Mathlib/Data/Nat/EvenOddRec.html",
     "2350b6c95b46b618"],
    ["/home/fae/Desktop/Lean/M1_ENS_26/docbuild/.lake/build/doc/Mathlib/Tactic/Linarith.html",
     "33615e4bb6709209"],
    ["/home/fae/Desktop/Lean/M1_ENS_26/docbuild/.lake/build/doc/Mathlib/Tactic/LinearCombination.html",
     "7d2ce8fc73168841"],
    ["/home/fae/Desktop/Lean/M1_ENS_26/docbuild/.lake/build/doc/Mathlib/Algebra/Group/Int/Even.html",
     "c2a1857dfc41b575"]]],
  ["/home/fae/Desktop/Lean/M1_ENS_26/docbuild/.lake/build/doc-data/references.json",
   "a50f2257f35adb49"],
  ["/home/fae/Desktop/Lean/M1_ENS_26/.lake/packages/doc-gen4/.lake/build/bin/doc-gen4",
   "95871d66e574446e"],
  ["Mathlib.NumberTheory.EllipticDivisibilitySequence:leanArts",
   "f6df47cf88b5a680"]],
 "depHash": "ae0f79d145156fa0"}