{"synthetic": false,
 "schemaVersion": "2025-09-10",
 "outputs": null,
 "log":
 [{"message":
   ".> ELAN=elan ELAN_HOME=/home/fae/.elan ELAN_TOOLCHAIN=leanprover/lean4:v4.27.0-rc1 LAKE=/home/fae/.elan/toolchains/leanprover--lean4---v4.27.0-rc1/bin/lake LAKE_HOME=/home/fae/.elan/toolchains/leanprover--lean4---v4.27.0-rc1 LAKE_PKG_URL_MAP={} LAKE_NO_CACHE=false LAKE_ARTIFACT_CACHE=false LAKE_CACHE_KEY= LAKE_CACHE_ARTIFACT_ENDPOINT= LAKE_CACHE_REVISION_ENDPOINT= LEAN=/home/fae/.elan/toolchains/leanprover--lean4---v4.27.0-rc1/bin/lean LEAN_SYSROOT=/home/fae/.elan/toolchains/leanprover--lean4---v4.27.0-rc1 LEAN_AR=/home/fae/.elan/toolchains/leanprover--lean4---v4.27.0-rc1/bin/llvm-ar LEAN_CC= LAKE_CACHE_DIR=/home/fae/.elan/toolchains/leanprover--lean4---v4.27.0-rc1/lake/cache LEAN_PATH=/home/fae/Desktop/Lean/M1_ENS_26/.lake/packages/batteries/.lake/build/lib/lean:/home/fae/Desktop/Lean/M1_ENS_26/.lake/packages/Qq/.lake/build/lib/lean:/home/fae/Desktop/Lean/M1_ENS_26/.lake/packages/aesop/.lake/build/lib/lean:/home/fae/Desktop/Lean/M1_ENS_26/.lake/packages/proofwidgets/.lake/build/lib/lean:/home/fae/Desktop/Lean/M1_ENS_26/.lake/packages/importGraph/.lake/build/lib/lean:/home/fae/Desktop/Lean/M1_ENS_26/.lake/packages/LeanSearchClient/.lake/build/lib/lean:/home/fae/Desktop/Lean/M1_ENS_26/.lake/packages/plausible/.lake/build/lib/lean:/home/fae/Desktop/Lean/M1_ENS_26/.lake/packages/mathlib/.lake/build/lib/lean:/home/fae/Desktop/Lean/M1_ENS_26/.lake/packages/MD4Lean/.lake/build/lib/lean:/home/fae/Desktop/Lean/M1_ENS_26/.lake/packages/BibtexQuery/.lake/build/lib/lean:/home/fae/Desktop/Lean/M1_ENS_26/.lake/packages/UnicodeBasic/.lake/build/lib/lean:/home/fae/Desktop/Lean/M1_ENS_26/.lake/packages/Cli/.lake/build/lib/lean:/home/fae/Desktop/Lean/M1_ENS_26/.lake/build/lib/lean:/home/fae/Desktop/Lean/M1_ENS_26/.lake/packages/doc-gen4/.lake/build/lib/lean:/home/fae/Desktop/Lean/M1_ENS_26/docbuild/.lake/build/lib/lean:/home/fae/.elan/toolchains/leanprover--lean4---v4.27.0-rc1/lib/lean LEAN_SRC_PATH=/home/fae/Desktop/Lean/M1_ENS_26/.lake/packages/batteries:/home/fae/Desktop/Lean/M1_ENS_26/.lake/packages/batteries:/home/fae/Desktop/Lean/M1_ENS_26/.lake/packages/Qq:/home/fae/Desktop/Lean/M1_ENS_26/.lake/packages/Qq:/home/fae/Desktop/Lean/M1_ENS_26/.lake/packages/aesop:/home/fae/Desktop/Lean/M1_ENS_26/.lake/packages/aesop:/home/fae/Desktop/Lean/M1_ENS_26/.lake/packages/proofwidgets:/home/fae/Desktop/Lean/M1_ENS_26/.lake/packages/proofwidgets:/home/fae/Desktop/Lean/M1_ENS_26/.lake/packages/proofwidgets:/home/fae/Desktop/Lean/M1_ENS_26/.lake/packages/importGraph:/home/fae/Desktop/Lean/M1_ENS_26/.lake/packages/importGraph:/home/fae/Desktop/Lean/M1_ENS_26/.lake/packages/LeanSearchClient:/home/fae/Desktop/Lean/M1_ENS_26/.lake/packages/LeanSearchClient:/home/fae/Desktop/Lean/M1_ENS_26/.lake/packages/plausible:/home/fae/Desktop/Lean/M1_ENS_26/.lake/packages/plausible:/home/fae/Desktop/Lean/M1_ENS_26/.lake/packages/mathlib:/home/fae/Desktop/Lean/M1_ENS_26/.lake/packages/mathlib:/home/fae/Desktop/Lean/M1_ENS_26/.lake/packages/mathlib:/home/fae/Desktop/Lean/M1_ENS_26/.lake/packages/mathlib:/home/fae/Desktop/Lean/M1_ENS_26/.lake/packages/mathlib:/home/fae/Desktop/Lean/M1_ENS_26/.lake/packages/mathlib:/home/fae/Desktop/Lean/M1_ENS_26/.lake/packages/mathlib:/home/fae/Desktop/Lean/M1_ENS_26/.lake/packages/MD4Lean:/home/fae/Desktop/Lean/M1_ENS_26/.lake/packages/MD4Lean:/home/fae/Desktop/Lean/M1_ENS_26/.lake/packages/BibtexQuery:/home/fae/Desktop/Lean/M1_ENS_26/.lake/packages/UnicodeBasic:/home/fae/Desktop/Lean/M1_ENS_26/.lake/packages/UnicodeBasic:/home/fae/Desktop/Lean/M1_ENS_26/.lake/packages/Cli:/home/fae/Desktop/Lean/M1_ENS_26/.lake/packages/Cli:/home/fae/Desktop/Lean/M1_ENS_26:/home/fae/Desktop/Lean/M1_ENS_26/.lake/packages/doc-gen4:/home/fae/.elan/toolchains/leanprover--lean4---v4.27.0-rc1/src/lean/lake LEAN_GITHASH=2fcce7258eeb6e324366bc25f9058293b04b7547 PATH LD_LIBRARY_PATH=/home/fae/.elan/toolchains/leanprover--lean4---v4.27.0-rc1/lib/lean:/home/fae/.elan/toolchains/leanprover--lean4---v4.27.0-rc1/lib:/home/fae/Desktop/Lean/M1_ENS_26/docbuild/.lake/build/lib:/home/fae/Desktop/Lean/M1_ENS_26/.lake/packages/doc-gen4/.lake/build/lib:/home/fae/Desktop/Lean/M1_ENS_26/.lake/build/lib:/home/fae/Desktop/Lean/M1_ENS_26/.lake/packages/Cli/.lake/build/lib:/home/fae/Desktop/Lean/M1_ENS_26/.lake/packages/UnicodeBasic/.lake/build/lib:/home/fae/Desktop/Lean/M1_ENS_26/.lake/packages/BibtexQuery/.lake/build/lib:/home/fae/Desktop/Lean/M1_ENS_26/.lake/packages/MD4Lean/.lake/build/lib:/home/fae/Desktop/Lean/M1_ENS_26/.lake/packages/mathlib/.lake/build/lib:/home/fae/Desktop/Lean/M1_ENS_26/.lake/packages/plausible/.lake/build/lib:/home/fae/Desktop/Lean/M1_ENS_26/.lake/packages/LeanSearchClient/.lake/build/lib:/home/fae/Desktop/Lean/M1_ENS_26/.lake/packages/importGraph/.lake/build/lib:/home/fae/Desktop/Lean/M1_ENS_26/.lake/packages/proofwidgets/.lake/build/lib:/home/fae/Desktop/Lean/M1_ENS_26/.lake/packages/aesop/.lake/build/lib:/home/fae/Desktop/Lean/M1_ENS_26/.lake/packages/Qq/.lake/build/lib:/home/fae/Desktop/Lean/M1_ENS_26/.lake/packages/batteries/.lake/build/lib /home/fae/Desktop/Lean/M1_ENS_26/.lake/packages/doc-gen4/.lake/build/bin/doc-gen4 single --build /home/fae/Desktop/Lean/M1_ENS_26/docbuild/.lake/build Mathlib.Algebra.Polynomial.GroupRingAction https://github.com/leanprover-community/mathlib4/blob/32d24245c7a12ded17325299fd41d412022cd3fe/Mathlib/Algebra/Polynomial/GroupRingAction.lean",
   "level": "trace"}],
 "inputs":
 [["<collection>",
   [["/home/fae/Desktop/Lean/M1_ENS_26/docbuild/.lake/build/doc/Mathlib/Algebra/Polynomial/AlgebraMap.html",
     "e16ad7d916cb7f41"],
    ["/home/fae/Desktop/Lean/M1_ENS_26/docbuild/.lake/build/doc/Mathlib/Algebra/Polynomial/Monic.html",
     "4839f1b89c3ee929"],
    ["/home/fae/Desktop/Lean/M1_ENS_26/docbuild/.lake/build/doc/Mathlib/Algebra/Ring/Action/Basic.html",
     "8b4251e572e1e150"],
    ["/home/fae/Desktop/Lean/M1_ENS_26/docbuild/.lake/build/doc/Mathlib/GroupTheory/Coset/Card.html",
     "9914706f52e85878"],
    ["/home/fae/Desktop/Lean/M1_ENS_26/docbuild/.lake/build/doc/Mathlib/GroupTheory/GroupAction/Hom.html",
     "dd8e7b278e94e8ee"],
    ["/home/fae/Desktop/Lean/M1_ENS_26/docbuild/.lake/build/doc/Mathlib/GroupTheory/GroupAction/Quotient.html",
     "e4c7038fc13d4236"]]],
  ["/home/fae/Desktop/Lean/M1_ENS_26/docbuild/.lake/build/doc-data/references.json",
   "a50f2257f35adb49"],
  ["/home/fae/Desktop/Lean/M1_ENS_26/.lake/packages/doc-gen4/.lake/build/bin/doc-gen4",
   "95871d66e574446e"],
  ["Mathlib.Algebra.Polynomial.GroupRingAction:leanArts", "d1796344f039d02a"]],
 "depHash": "71fa325216c2f539"}